#
# There is insufficient memory for the Java Runtime Environment to continue.
# Native memory allocation (malloc) failed to allocate 1338496 bytes for Chunk::new
# Possible reasons:
#   The system is out of physical RAM or swap space
#   The process is running with CompressedOops enabled, and the Java Heap may be blocking the growth of the native heap
# Possible solutions:
#   Reduce memory load on the system
#   Increase physical memory or swap space
#   Check if swap backing store is full
#   Decrease Java heap size (-Xmx/-Xms)
#   Decrease number of Java threads
#   Decrease Java thread stack sizes (-Xss)
#   Set larger code cache with -XX:ReservedCodeCacheSize=
#   JVM is running with Unscaled Compressed Oops mode in which the Java heap is
#     placed in the first 4GB address space. The Java Heap base address is the
#     maximum limit for the native heap growth. Please use -XX:HeapBaseMinAddress
#     to set the Java Heap base and to place the Java Heap above 4GB virtual address.
# This output file may be truncated or incomplete.
#
#  Out of Memory Error (arena.cpp:189), pid=10704, tid=4908
#
# JRE version: Java(TM) SE Runtime Environment (17.0.5+9) (build 17.0.5+9-LTS-191)
# Java VM: Java HotSpot(TM) 64-Bit Server VM (17.0.5+9-LTS-191, mixed mode, sharing, tiered, compressed oops, compressed class ptrs, g1 gc, windows-amd64)
# No core dump will be written. Minidumps are not enabled by default on client versions of Windows
#

---------------  S U M M A R Y ------------

Command Line: -javaagent:C:\Program Files\JetBrains\IntelliJ IDEA Community Edition 2022.2.3\lib\idea_rt.jar=58088:C:\Program Files\JetBrains\IntelliJ IDEA Community Edition 2022.2.3\bin -Dfile.encoding=UTF-8 com.isa.BloodTransferInstitute.BtiApplication

Host: AMD Ryzen 5 5600H with Radeon Graphics         , 12 cores, 5G,  Windows 10 , 64 bit Build 19041 (10.0.19041.2364)
Time: Mon Jan 23 18:01:18 2023 Central Europe Standard Time elapsed time: 3397.466713 seconds (0d 0h 56m 37s)

---------------  T H R E A D  ---------------

Current thread (0x000002283c7ec260):  JavaThread "C2 CompilerThread0" daemon [_thread_in_native, id=4908, stack(0x0000005c4a800000,0x0000005c4a900000)]


Current CompileTask:
C2:3397467 9776       4       org.springframework.core.annotation.AnnotationsScanner::processMethod (116 bytes)

Stack: [0x0000005c4a800000,0x0000005c4a900000]
Native frames: (J=compiled Java code, j=interpreted, Vv=VM code, C=native code)
V  [jvm.dll+0x672eea]
V  [jvm.dll+0x7d2a04]
V  [jvm.dll+0x7d41ae]
V  [jvm.dll+0x7d4813]
V  [jvm.dll+0x242c15]
V  [jvm.dll+0xaa57b]
V  [jvm.dll+0xaab0c]
V  [jvm.dll+0x35ff97]
V  [jvm.dll+0x1b9902]
V  [jvm.dll+0x215e19]
V  [jvm.dll+0x2150e1]
V  [jvm.dll+0x1a18ed]
V  [jvm.dll+0x22493a]
V  [jvm.dll+0x222aa5]
V  [jvm.dll+0x7885db]
V  [jvm.dll+0x782b4a]
V  [jvm.dll+0x671d75]
C  [ucrtbase.dll+0x21bb2]
C  [KERNEL32.DLL+0x17614]
C  [ntdll.dll+0x526a1]


---------------  P R O C E S S  ---------------

Threads class SMR info:
_java_thread_list=0x0000022840b70a20, length=30, elements={
0x000002283c7cb270, 0x000002283c7ce0f0, 0x000002283c7e0b00, 0x000002283c7e2cb0,
0x000002283c7e3650, 0x000002283c7e1970, 0x000002283c7ec260, 0x000002283c7f5120,
0x000002283c7f9740, 0x000002283c7e3ff0, 0x000002283c7e3180, 0x000002283c7e0fd0,
0x000002283c7e3b20, 0x000002283c7e14a0, 0x000002283c7e2310, 0x000002283c7e27e0,
0x00000228418c6bb0, 0x00000228418c7a20, 0x00000228418c5d40, 0x00000228418c7080,
0x00000228418ca570, 0x00000228418c4060, 0x00000228418c7550, 0x00000228418caa40,
0x00000228418c7ef0, 0x00000228418c9230, 0x00000228418c4530, 0x00000228418c9700,
0x00000228418c4a00, 0x00000228418c8890
}

Java Threads: ( => current thread )
  0x000002283c7cb270 JavaThread "Reference Handler" daemon [_thread_blocked, id=9856, stack(0x0000005c4a200000,0x0000005c4a300000)]
  0x000002283c7ce0f0 JavaThread "Finalizer" daemon [_thread_blocked, id=19164, stack(0x0000005c4a300000,0x0000005c4a400000)]
  0x000002283c7e0b00 JavaThread "Signal Dispatcher" daemon [_thread_blocked, id=13940, stack(0x0000005c4a400000,0x0000005c4a500000)]
  0x000002283c7e2cb0 JavaThread "Attach Listener" daemon [_thread_blocked, id=22608, stack(0x0000005c4a500000,0x0000005c4a600000)]
  0x000002283c7e3650 JavaThread "Service Thread" daemon [_thread_blocked, id=22184, stack(0x0000005c4a600000,0x0000005c4a700000)]
  0x000002283c7e1970 JavaThread "Monitor Deflation Thread" daemon [_thread_blocked, id=21524, stack(0x0000005c4a700000,0x0000005c4a800000)]
=>0x000002283c7ec260 JavaThread "C2 CompilerThread0" daemon [_thread_in_native, id=4908, stack(0x0000005c4a800000,0x0000005c4a900000)]
  0x000002283c7f5120 JavaThread "C1 CompilerThread0" daemon [_thread_blocked, id=10412, stack(0x0000005c4a900000,0x0000005c4aa00000)]
  0x000002283c7f9740 JavaThread "Sweeper thread" daemon [_thread_blocked, id=1964, stack(0x0000005c4aa00000,0x0000005c4ab00000)]
  0x000002283c7e3ff0 JavaThread "Common-Cleaner" daemon [_thread_blocked, id=6640, stack(0x0000005c4ab00000,0x0000005c4ac00000)]
  0x000002283c7e3180 JavaThread "Monitor Ctrl-Break" daemon [_thread_in_native, id=9016, stack(0x0000005c4ad00000,0x0000005c4ae00000)]
  0x000002283c7e0fd0 JavaThread "Notification Thread" daemon [_thread_blocked, id=23036, stack(0x0000005c4ae00000,0x0000005c4af00000)]
  0x000002283c7e3b20 JavaThread "mysql-cj-abandoned-connection-cleanup" daemon [_thread_blocked, id=19368, stack(0x0000005c4bb00000,0x0000005c4bc00000)]
  0x000002283c7e14a0 JavaThread "HikariPool-1 housekeeper" daemon [_thread_blocked, id=2796, stack(0x0000005c4bd00000,0x0000005c4be00000)]
  0x000002283c7e2310 JavaThread "Catalina-utility-1" [_thread_blocked, id=9888, stack(0x0000005c4bf00000,0x0000005c4c000000)]
  0x000002283c7e27e0 JavaThread "Catalina-utility-2" [_thread_blocked, id=10928, stack(0x0000005c4c000000,0x0000005c4c100000)]
  0x00000228418c6bb0 JavaThread "container-0" [_thread_blocked, id=15292, stack(0x0000005c4c100000,0x0000005c4c200000)]
  0x00000228418c7a20 JavaThread "http-nio-8080-exec-1" daemon [_thread_blocked, id=9396, stack(0x0000005c4c200000,0x0000005c4c300000)]
  0x00000228418c5d40 JavaThread "http-nio-8080-exec-2" daemon [_thread_blocked, id=1588, stack(0x0000005c4c300000,0x0000005c4c400000)]
  0x00000228418c7080 JavaThread "http-nio-8080-exec-3" daemon [_thread_blocked, id=22004, stack(0x0000005c4c400000,0x0000005c4c500000)]
  0x00000228418ca570 JavaThread "http-nio-8080-exec-4" daemon [_thread_blocked, id=10088, stack(0x0000005c4c500000,0x0000005c4c600000)]
  0x00000228418c4060 JavaThread "http-nio-8080-exec-5" daemon [_thread_blocked, id=14232, stack(0x0000005c4c600000,0x0000005c4c700000)]
  0x00000228418c7550 JavaThread "http-nio-8080-exec-6" daemon [_thread_blocked, id=10160, stack(0x0000005c4c700000,0x0000005c4c800000)]
  0x00000228418caa40 JavaThread "http-nio-8080-exec-7" daemon [_thread_blocked, id=2576, stack(0x0000005c4c800000,0x0000005c4c900000)]
  0x00000228418c7ef0 JavaThread "http-nio-8080-exec-8" daemon [_thread_blocked, id=15336, stack(0x0000005c4c900000,0x0000005c4ca00000)]
  0x00000228418c9230 JavaThread "http-nio-8080-exec-9" daemon [_thread_blocked, id=10440, stack(0x0000005c4ca00000,0x0000005c4cb00000)]
  0x00000228418c4530 JavaThread "http-nio-8080-exec-10" daemon [_thread_blocked, id=6652, stack(0x0000005c4cb00000,0x0000005c4cc00000)]
  0x00000228418c9700 JavaThread "http-nio-8080-Poller" daemon [_thread_in_native, id=21940, stack(0x0000005c4cc00000,0x0000005c4cd00000)]
  0x00000228418c4a00 JavaThread "http-nio-8080-Acceptor" daemon [_thread_in_native, id=20828, stack(0x0000005c4cd00000,0x0000005c4ce00000)]
  0x00000228418c8890 JavaThread "DestroyJavaVM" [_thread_blocked, id=6296, stack(0x0000005c49b00000,0x0000005c49c00000)]

Other Threads:
  0x000002283c7c6dc0 VMThread "VM Thread" [stack: 0x0000005c4a100000,0x0000005c4a200000] [id=18928]
  0x000002281f6bb3a0 WatcherThread [stack: 0x0000005c4af00000,0x0000005c4b000000] [id=19232]
  0x000002281f695070 GCTaskThread "GC Thread#0" [stack: 0x0000005c49c00000,0x0000005c49d00000] [id=14988]
  0x000002283dbb3580 GCTaskThread "GC Thread#1" [stack: 0x0000005c4b000000,0x0000005c4b100000] [id=15136]
  0x000002283e120900 GCTaskThread "GC Thread#2" [stack: 0x0000005c4b100000,0x0000005c4b200000] [id=3092]
  0x000002283e120bb0 GCTaskThread "GC Thread#3" [stack: 0x0000005c4b200000,0x0000005c4b300000] [id=13444]
  0x000002283e0b7da0 GCTaskThread "GC Thread#4" [stack: 0x0000005c4b300000,0x0000005c4b400000] [id=10716]
  0x000002283e0b8050 GCTaskThread "GC Thread#5" [stack: 0x0000005c4b400000,0x0000005c4b500000] [id=8228]
  0x000002283e0b8fa0 GCTaskThread "GC Thread#6" [stack: 0x0000005c4b500000,0x0000005c4b600000] [id=11508]
  0x000002283e1acb60 GCTaskThread "GC Thread#7" [stack: 0x0000005c4b700000,0x0000005c4b800000] [id=9720]
  0x000002283e1ace10 GCTaskThread "GC Thread#8" [stack: 0x0000005c4b800000,0x0000005c4b900000] [id=11992]
  0x000002283e38d120 GCTaskThread "GC Thread#9" [stack: 0x0000005c4b900000,0x0000005c4ba00000] [id=5948]
  0x000002281f6a1b30 ConcurrentGCThread "G1 Main Marker" [stack: 0x0000005c49d00000,0x0000005c49e00000] [id=9712]
  0x000002281f6a2ce0 ConcurrentGCThread "G1 Conc#0" [stack: 0x0000005c49e00000,0x0000005c49f00000] [id=4136]
  0x000002283e40a4d0 ConcurrentGCThread "G1 Conc#1" [stack: 0x0000005c4b600000,0x0000005c4b700000] [id=21324]
  0x000002283e409200 ConcurrentGCThread "G1 Conc#2" [stack: 0x0000005c4ba00000,0x0000005c4bb00000] [id=22424]
  0x000002283c680090 ConcurrentGCThread "G1 Refine#0" [stack: 0x0000005c49f00000,0x0000005c4a000000] [id=19196]
  0x000002283c681ac0 ConcurrentGCThread "G1 Service" [stack: 0x0000005c4a000000,0x0000005c4a100000] [id=22408]

Threads with active compile tasks:
C2 CompilerThread0  3397534 9776       4       org.springframework.core.annotation.AnnotationsScanner::processMethod (116 bytes)

VM state: not at safepoint (normal execution)

VM Mutex/Monitor currently owned by a thread: None

Heap address: 0x00000000a2400000, size: 1500 MB, Compressed Oops mode: 32-bit

CDS archive(s) mapped at: [0x0000000800000000-0x0000000800bd0000-0x0000000800bd0000), size 12386304, SharedBaseAddress: 0x0000000800000000, ArchiveRelocationMode: 0.
Compressed class space mapped at: 0x0000000800c00000-0x0000000840c00000, reserved size: 1073741824
Narrow klass base: 0x0000000800000000, Narrow klass shift: 0, Narrow klass range: 0x100000000

GC Precious Log:
 CPUs: 12 total, 12 available
 Memory: 5996M
 Large Page Support: Disabled
 NUMA Support: Disabled
 Compressed Oops: Enabled (32-bit)
 Heap Region Size: 1M
 Heap Min Capacity: 8M
 Heap Initial Capacity: 94M
 Heap Max Capacity: 1500M
 Pre-touch: Disabled
 Parallel Workers: 10
 Concurrent Workers: 3
 Concurrent Refinement Workers: 10
 Periodic GC: Disabled

Heap:
 garbage-first heap   total 95232K, used 44808K [0x00000000a2400000, 0x0000000100000000)
  region size 1024K, 10 young (10240K), 4 survivors (4096K)
 Metaspace       used 75204K, committed 75776K, reserved 1122304K
  class space    used 9969K, committed 10240K, reserved 1048576K

Heap Regions: E=young(eden), S=young(survivor), O=old, HS=humongous(starts), HC=humongous(continues), CS=collection set, F=free, OA=open archive, CA=closed archive, TAMS=top-at-mark-start (previous, next)
|   0|0x00000000a2400000, 0x00000000a2500000, 0x00000000a2500000|100%|HS|  |TAMS 0x00000000a2500000, 0x00000000a2400000| Complete 
|   1|0x00000000a2500000, 0x00000000a2600000, 0x00000000a2600000|100%| O|  |TAMS 0x00000000a2600000, 0x00000000a2500000| Untracked 
|   2|0x00000000a2600000, 0x00000000a2700000, 0x00000000a2700000|100%| O|  |TAMS 0x00000000a2700000, 0x00000000a2600000| Untracked 
|   3|0x00000000a2700000, 0x00000000a2800000, 0x00000000a2800000|100%| O|  |TAMS 0x00000000a2800000, 0x00000000a2700000| Untracked 
|   4|0x00000000a2800000, 0x00000000a2900000, 0x00000000a2900000|100%| O|  |TAMS 0x00000000a2900000, 0x00000000a2800000| Untracked 
|   5|0x00000000a2900000, 0x00000000a2a00000, 0x00000000a2a00000|100%| O|  |TAMS 0x00000000a2a00000, 0x00000000a2900000| Untracked 
|   6|0x00000000a2a00000, 0x00000000a2b00000, 0x00000000a2b00000|100%| O|  |TAMS 0x00000000a2b00000, 0x00000000a2a00000| Untracked 
|   7|0x00000000a2b00000, 0x00000000a2c00000, 0x00000000a2c00000|100%| O|  |TAMS 0x00000000a2c00000, 0x00000000a2b00000| Untracked 
|   8|0x00000000a2c00000, 0x00000000a2d00000, 0x00000000a2d00000|100%| O|  |TAMS 0x00000000a2d00000, 0x00000000a2c00000| Untracked 
|   9|0x00000000a2d00000, 0x00000000a2e00000, 0x00000000a2e00000|100%| O|  |TAMS 0x00000000a2e00000, 0x00000000a2d00000| Untracked 
|  10|0x00000000a2e00000, 0x00000000a2f00000, 0x00000000a2f00000|100%| O|  |TAMS 0x00000000a2f00000, 0x00000000a2e00000| Untracked 
|  11|0x00000000a2f00000, 0x00000000a3000000, 0x00000000a3000000|100%| O|  |TAMS 0x00000000a3000000, 0x00000000a2f00000| Untracked 
|  12|0x00000000a3000000, 0x00000000a3100000, 0x00000000a3100000|100%| O|  |TAMS 0x00000000a3100000, 0x00000000a3000000| Untracked 
|  13|0x00000000a3100000, 0x00000000a3200000, 0x00000000a3200000|100%| O|  |TAMS 0x00000000a3200000, 0x00000000a3100000| Untracked 
|  14|0x00000000a3200000, 0x00000000a3300000, 0x00000000a3300000|100%| O|  |TAMS 0x00000000a3300000, 0x00000000a3200000| Untracked 
|  15|0x00000000a3300000, 0x00000000a3400000, 0x00000000a3400000|100%| O|  |TAMS 0x00000000a3400000, 0x00000000a3300000| Untracked 
|  16|0x00000000a3400000, 0x00000000a3500000, 0x00000000a3500000|100%| O|  |TAMS 0x00000000a3500000, 0x00000000a3400000| Untracked 
|  17|0x00000000a3500000, 0x00000000a35eb200, 0x00000000a3600000| 91%| O|  |TAMS 0x00000000a35eb200, 0x00000000a3500000| Untracked 
|  18|0x00000000a3600000, 0x00000000a3700000, 0x00000000a3700000|100%| O|  |TAMS 0x00000000a3700000, 0x00000000a3600000| Untracked 
|  19|0x00000000a3700000, 0x00000000a3800000, 0x00000000a3800000|100%| O|  |TAMS 0x00000000a3800000, 0x00000000a3700000| Untracked 
|  20|0x00000000a3800000, 0x00000000a3900000, 0x00000000a3900000|100%| O|  |TAMS 0x00000000a3900000, 0x00000000a3800000| Untracked 
|  21|0x00000000a3900000, 0x00000000a3a00000, 0x00000000a3a00000|100%| O|  |TAMS 0x00000000a3a00000, 0x00000000a3900000| Untracked 
|  22|0x00000000a3a00000, 0x00000000a3b00000, 0x00000000a3b00000|100%| O|  |TAMS 0x00000000a3b00000, 0x00000000a3a00000| Untracked 
|  23|0x00000000a3b00000, 0x00000000a3c00000, 0x00000000a3c00000|100%| O|  |TAMS 0x00000000a3c00000, 0x00000000a3b00000| Untracked 
|  24|0x00000000a3c00000, 0x00000000a3d00000, 0x00000000a3d00000|100%| O|  |TAMS 0x00000000a3d00000, 0x00000000a3c00000| Untracked 
|  25|0x00000000a3d00000, 0x00000000a3e00000, 0x00000000a3e00000|100%| O|  |TAMS 0x00000000a3d00000, 0x00000000a3d00000| Untracked 
|  26|0x00000000a3e00000, 0x00000000a3f00000, 0x00000000a3f00000|100%| O|  |TAMS 0x00000000a3e00000, 0x00000000a3e00000| Untracked 
|  27|0x00000000a3f00000, 0x00000000a4000000, 0x00000000a4000000|100%| O|  |TAMS 0x00000000a3f00000, 0x00000000a3f00000| Untracked 
|  28|0x00000000a4000000, 0x00000000a4100000, 0x00000000a4100000|100%| O|  |TAMS 0x00000000a4000000, 0x00000000a4000000| Untracked 
|  29|0x00000000a4100000, 0x00000000a4200000, 0x00000000a4200000|100%| O|  |TAMS 0x00000000a4100000, 0x00000000a4100000| Untracked 
|  30|0x00000000a4200000, 0x00000000a4300000, 0x00000000a4300000|100%| O|  |TAMS 0x00000000a4200000, 0x00000000a4200000| Untracked 
|  31|0x00000000a4300000, 0x00000000a4400000, 0x00000000a4400000|100%| O|  |TAMS 0x00000000a4300000, 0x00000000a4300000| Untracked 
|  32|0x00000000a4400000, 0x00000000a4500000, 0x00000000a4500000|100%| O|  |TAMS 0x00000000a4400000, 0x00000000a4400000| Untracked 
|  33|0x00000000a4500000, 0x00000000a4600000, 0x00000000a4600000|100%| O|  |TAMS 0x00000000a4500000, 0x00000000a4500000| Untracked 
|  34|0x00000000a4600000, 0x00000000a4700000, 0x00000000a4700000|100%| O|  |TAMS 0x00000000a4600000, 0x00000000a4600000| Untracked 
|  35|0x00000000a4700000, 0x00000000a47b9600, 0x00000000a4800000| 72%| O|  |TAMS 0x00000000a4700000, 0x00000000a4700000| Untracked 
|  36|0x00000000a4800000, 0x00000000a4800000, 0x00000000a4900000|  0%| F|  |TAMS 0x00000000a4800000, 0x00000000a4800000| Untracked 
|  37|0x00000000a4900000, 0x00000000a4900000, 0x00000000a4a00000|  0%| F|  |TAMS 0x00000000a4900000, 0x00000000a4900000| Untracked 
|  38|0x00000000a4a00000, 0x00000000a4a00000, 0x00000000a4b00000|  0%| F|  |TAMS 0x00000000a4a00000, 0x00000000a4a00000| Untracked 
|  39|0x00000000a4b00000, 0x00000000a4b00000, 0x00000000a4c00000|  0%| F|  |TAMS 0x00000000a4b00000, 0x00000000a4b00000| Untracked 
|  40|0x00000000a4c00000, 0x00000000a4c00000, 0x00000000a4d00000|  0%| F|  |TAMS 0x00000000a4c00000, 0x00000000a4c00000| Untracked 
|  41|0x00000000a4d00000, 0x00000000a4d00000, 0x00000000a4e00000|  0%| F|  |TAMS 0x00000000a4d00000, 0x00000000a4d00000| Untracked 
|  42|0x00000000a4e00000, 0x00000000a4e00000, 0x00000000a4f00000|  0%| F|  |TAMS 0x00000000a4e00000, 0x00000000a4e00000| Untracked 
|  43|0x00000000a4f00000, 0x00000000a4f00000, 0x00000000a5000000|  0%| F|  |TAMS 0x00000000a4f00000, 0x00000000a4f00000| Untracked 
|  44|0x00000000a5000000, 0x00000000a5000000, 0x00000000a5100000|  0%| F|  |TAMS 0x00000000a5000000, 0x00000000a5000000| Untracked 
|  45|0x00000000a5100000, 0x00000000a5100000, 0x00000000a5200000|  0%| F|  |TAMS 0x00000000a5100000, 0x00000000a5100000| Untracked 
|  46|0x00000000a5200000, 0x00000000a5200000, 0x00000000a5300000|  0%| F|  |TAMS 0x00000000a5200000, 0x00000000a5200000| Untracked 
|  47|0x00000000a5300000, 0x00000000a531dbe8, 0x00000000a5400000| 11%| S|CS|TAMS 0x00000000a5300000, 0x00000000a5300000| Complete 
|  48|0x00000000a5400000, 0x00000000a5500000, 0x00000000a5500000|100%| S|CS|TAMS 0x00000000a5400000, 0x00000000a5400000| Complete 
|  49|0x00000000a5500000, 0x00000000a5500000, 0x00000000a5600000|  0%| F|  |TAMS 0x00000000a5500000, 0x00000000a5500000| Untracked 
|  50|0x00000000a5600000, 0x00000000a5600000, 0x00000000a5700000|  0%| F|  |TAMS 0x00000000a5600000, 0x00000000a5600000| Untracked 
|  51|0x00000000a5700000, 0x00000000a5700000, 0x00000000a5800000|  0%| F|  |TAMS 0x00000000a5700000, 0x00000000a5700000| Untracked 
|  52|0x00000000a5800000, 0x00000000a5900000, 0x00000000a5900000|100%| S|CS|TAMS 0x00000000a5800000, 0x00000000a5800000| Complete 
|  53|0x00000000a5900000, 0x00000000a5a00000, 0x00000000a5a00000|100%| S|CS|TAMS 0x00000000a5900000, 0x00000000a5900000| Complete 
|  54|0x00000000a5a00000, 0x00000000a5a00000, 0x00000000a5b00000|  0%| F|  |TAMS 0x00000000a5a00000, 0x00000000a5a00000| Untracked 
|  55|0x00000000a5b00000, 0x00000000a5b00000, 0x00000000a5c00000|  0%| F|  |TAMS 0x00000000a5b00000, 0x00000000a5b00000| Untracked 
|  56|0x00000000a5c00000, 0x00000000a5c00000, 0x00000000a5d00000|  0%| F|  |TAMS 0x00000000a5c00000, 0x00000000a5c00000| Untracked 
|  57|0x00000000a5d00000, 0x00000000a5d00000, 0x00000000a5e00000|  0%| F|  |TAMS 0x00000000a5d00000, 0x00000000a5d00000| Untracked 
|  58|0x00000000a5e00000, 0x00000000a5e00000, 0x00000000a5f00000|  0%| F|  |TAMS 0x00000000a5e00000, 0x00000000a5e00000| Untracked 
|  59|0x00000000a5f00000, 0x00000000a5f00000, 0x00000000a6000000|  0%| F|  |TAMS 0x00000000a5f00000, 0x00000000a5f00000| Untracked 
|  60|0x00000000a6000000, 0x00000000a6000000, 0x00000000a6100000|  0%| F|  |TAMS 0x00000000a6000000, 0x00000000a6000000| Untracked 
|  61|0x00000000a6100000, 0x00000000a6100000, 0x00000000a6200000|  0%| F|  |TAMS 0x00000000a6100000, 0x00000000a6100000| Untracked 
|  62|0x00000000a6200000, 0x00000000a6200000, 0x00000000a6300000|  0%| F|  |TAMS 0x00000000a6200000, 0x00000000a6200000| Untracked 
|  63|0x00000000a6300000, 0x00000000a6300000, 0x00000000a6400000|  0%| F|  |TAMS 0x00000000a6300000, 0x00000000a6300000| Untracked 
|  64|0x00000000a6400000, 0x00000000a6400000, 0x00000000a6500000|  0%| F|  |TAMS 0x00000000a6400000, 0x00000000a6400000| Untracked 
|  65|0x00000000a6500000, 0x00000000a6500000, 0x00000000a6600000|  0%| F|  |TAMS 0x00000000a6500000, 0x00000000a6500000| Untracked 
|  66|0x00000000a6600000, 0x00000000a6600000, 0x00000000a6700000|  0%| F|  |TAMS 0x00000000a6600000, 0x00000000a6600000| Untracked 
|  67|0x00000000a6700000, 0x00000000a6700000, 0x00000000a6800000|  0%| F|  |TAMS 0x00000000a6700000, 0x00000000a6700000| Untracked 
|  68|0x00000000a6800000, 0x00000000a6800000, 0x00000000a6900000|  0%| F|  |TAMS 0x00000000a6800000, 0x00000000a6800000| Untracked 
|  69|0x00000000a6900000, 0x00000000a6900000, 0x00000000a6a00000|  0%| F|  |TAMS 0x00000000a6900000, 0x00000000a6900000| Untracked 
|  70|0x00000000a6a00000, 0x00000000a6a00000, 0x00000000a6b00000|  0%| F|  |TAMS 0x00000000a6a00000, 0x00000000a6a00000| Untracked 
|  71|0x00000000a6b00000, 0x00000000a6b00000, 0x00000000a6c00000|  0%| F|  |TAMS 0x00000000a6b00000, 0x00000000a6b00000| Untracked 
|  72|0x00000000a6c00000, 0x00000000a6c00000, 0x00000000a6d00000|  0%| F|  |TAMS 0x00000000a6c00000, 0x00000000a6c00000| Untracked 
|  73|0x00000000a6d00000, 0x00000000a6d00000, 0x00000000a6e00000|  0%| F|  |TAMS 0x00000000a6d00000, 0x00000000a6d00000| Untracked 
|  74|0x00000000a6e00000, 0x00000000a6e00000, 0x00000000a6f00000|  0%| F|  |TAMS 0x00000000a6e00000, 0x00000000a6e00000| Untracked 
|  75|0x00000000a6f00000, 0x00000000a6f00000, 0x00000000a7000000|  0%| F|  |TAMS 0x00000000a6f00000, 0x00000000a6f00000| Untracked 
|  76|0x00000000a7000000, 0x00000000a7000000, 0x00000000a7100000|  0%| F|  |TAMS 0x00000000a7000000, 0x00000000a7000000| Untracked 
|  77|0x00000000a7100000, 0x00000000a7100000, 0x00000000a7200000|  0%| F|  |TAMS 0x00000000a7100000, 0x00000000a7100000| Untracked 
|  78|0x00000000a7200000, 0x00000000a7200000, 0x00000000a7300000|  0%| F|  |TAMS 0x00000000a7200000, 0x00000000a7200000| Untracked 
|  79|0x00000000a7300000, 0x00000000a7300000, 0x00000000a7400000|  0%| F|  |TAMS 0x00000000a7300000, 0x00000000a7300000| Untracked 
|  80|0x00000000a7400000, 0x00000000a7400000, 0x00000000a7500000|  0%| F|  |TAMS 0x00000000a7400000, 0x00000000a7400000| Untracked 
|  81|0x00000000a7500000, 0x00000000a7500000, 0x00000000a7600000|  0%| F|  |TAMS 0x00000000a7500000, 0x00000000a7500000| Untracked 
|  82|0x00000000a7600000, 0x00000000a7600000, 0x00000000a7700000|  0%| F|  |TAMS 0x00000000a7600000, 0x00000000a7600000| Untracked 
|  83|0x00000000a7700000, 0x00000000a7700000, 0x00000000a7800000|  0%| F|  |TAMS 0x00000000a7700000, 0x00000000a7700000| Untracked 
|  84|0x00000000a7800000, 0x00000000a7800000, 0x00000000a7900000|  0%| F|  |TAMS 0x00000000a7800000, 0x00000000a7800000| Untracked 
|  85|0x00000000a7900000, 0x00000000a7900000, 0x00000000a7a00000|  0%| F|  |TAMS 0x00000000a7900000, 0x00000000a7900000| Untracked 
|  86|0x00000000a7a00000, 0x00000000a7a00000, 0x00000000a7b00000|  0%| F|  |TAMS 0x00000000a7a00000, 0x00000000a7a00000| Untracked 
|  87|0x00000000a7b00000, 0x00000000a7becf68, 0x00000000a7c00000| 92%| E|  |TAMS 0x00000000a7b00000, 0x00000000a7b00000| Complete 
|  88|0x00000000a7c00000, 0x00000000a7d00000, 0x00000000a7d00000|100%| E|CS|TAMS 0x00000000a7c00000, 0x00000000a7c00000| Complete 
|  89|0x00000000a7d00000, 0x00000000a7e00000, 0x00000000a7e00000|100%| E|CS|TAMS 0x00000000a7d00000, 0x00000000a7d00000| Complete 
|  90|0x00000000a7e00000, 0x00000000a7f00000, 0x00000000a7f00000|100%| E|CS|TAMS 0x00000000a7e00000, 0x00000000a7e00000| Complete 
|  91|0x00000000a7f00000, 0x00000000a8000000, 0x00000000a8000000|100%| E|CS|TAMS 0x00000000a7f00000, 0x00000000a7f00000| Complete 
|  95|0x00000000a8300000, 0x00000000a8400000, 0x00000000a8400000|100%| E|CS|TAMS 0x00000000a8300000, 0x00000000a8300000| Complete 

Card table byte_map: [0x00000228366f0000,0x00000228369e0000] _byte_map_base: 0x00000228361de000

Marking Bits (Prev, Next): (CMBitMap*) 0x000002281f6956c0, (CMBitMap*) 0x000002281f695680
 Prev Bits: [0x0000022838440000, 0x0000022839bb0000)
 Next Bits: [0x0000022836cd0000, 0x0000022838440000)

Polling page: 0x000002281d5c0000

Metaspace:

Usage:
  Non-class:     63.71 MB used.
      Class:      9.74 MB used.
       Both:     73.44 MB used.

Virtual space:
  Non-class space:       72.00 MB reserved,      64.00 MB ( 89%) committed,  9 nodes.
      Class space:        1.00 GB reserved,      10.00 MB ( <1%) committed,  1 nodes.
             Both:        1.07 GB reserved,      74.00 MB (  7%) committed. 

Chunk freelists:
   Non-Class:  3.35 MB
       Class:  2.00 MB
        Both:  5.35 MB

MaxMetaspaceSize: unlimited
CompressedClassSpaceSize: 1.00 GB
Initial GC threshold: 21.00 MB
Current GC threshold: 98.12 MB
CDS: on
MetaspaceReclaimPolicy: balanced
 - commit_granule_bytes: 65536.
 - commit_granule_words: 8192.
 - virtual_space_node_default_size: 1048576.
 - enlarge_chunks_in_place: 1.
 - new_chunks_are_fully_committed: 0.
 - uncommit_free_chunks: 1.
 - use_allocation_guard: 0.
 - handle_deallocations: 1.


Internal statistics:

num_allocs_failed_limit: 9.
num_arena_births: 782.
num_arena_deaths: 0.
num_vsnodes_births: 10.
num_vsnodes_deaths: 0.
num_space_committed: 1184.
num_space_uncommitted: 0.
num_chunks_returned_to_freelist: 9.
num_chunks_taken_from_freelist: 3525.
num_chunk_merges: 9.
num_chunk_splits: 2410.
num_chunks_enlarged: 1784.
num_purges: 0.
num_inconsistent_stats: 0.

CodeHeap 'non-profiled nmethods': size=120000Kb used=4171Kb max_used=4252Kb free=115828Kb
 bounds [0x000002282e980000, 0x000002282edb0000, 0x0000022835eb0000]
CodeHeap 'profiled nmethods': size=120000Kb used=15183Kb max_used=15183Kb free=104816Kb
 bounds [0x0000022827450000, 0x0000022828330000, 0x000002282e980000]
CodeHeap 'non-nmethods': size=5760Kb used=1367Kb max_used=1423Kb free=4393Kb
 bounds [0x0000022826eb0000, 0x0000022827120000, 0x0000022827450000]
 total_blobs=9089 nmethods=8395 adapters=604
 compilation: enabled
              stopped_count=0, restarted_count=0
 full_count=0

Compilation events (20 events):
Event: 3397.276 Thread 0x000002283c7f5120 9786   !   3       org.springframework.http.MediaType::parseMediaType (41 bytes)
Event: 3397.298 Thread 0x000002283c7f5120 nmethod 9786 0x000002282831dc90 code [0x000002282831dee0, 0x000002282831e998]
Event: 3397.298 Thread 0x000002283c7f5120 9788       3       com.fasterxml.jackson.databind.DatabindContext::<init> (5 bytes)
Event: 3397.298 Thread 0x000002283c7f5120 nmethod 9788 0x000002282831ee10 code [0x000002282831efa0, 0x000002282831f0f8]
Event: 3397.298 Thread 0x000002283c7f5120 9787       3       javax.servlet.ServletResponseWrapper::getContentType (10 bytes)
Event: 3397.298 Thread 0x000002283c7f5120 nmethod 9787 0x000002282831f190 code [0x000002282831f340, 0x000002282831f508]
Event: 3397.326 Thread 0x000002283c7f5120 9790       3       java.util.WeakHashMap::getEntry (70 bytes)
Event: 3397.335 Thread 0x000002283c7f5120 nmethod 9790 0x000002282831f610 code [0x000002282831f820, 0x00000228283200b8]
Event: 3397.335 Thread 0x000002283c7f5120 9789       3       java.util.WeakHashMap::containsKey (14 bytes)
Event: 3397.336 Thread 0x000002283c7f5120 nmethod 9789 0x0000022828320410 code [0x00000228283205c0, 0x00000228283207e8]
Event: 3397.336 Thread 0x000002283c7f5120 9792       3       java.util.concurrent.atomic.AtomicReferenceArray::set (13 bytes)
Event: 3397.339 Thread 0x000002283c7f5120 nmethod 9792 0x0000022828320890 code [0x0000022828320b80, 0x0000022828321d88]
Event: 3397.339 Thread 0x000002283c7f5120 9793       3       java.lang.invoke.VarHandleReferences$Array::setVolatile (61 bytes)
Event: 3397.340 Thread 0x000002283c7f5120 nmethod 9793 0x0000022828322410 code [0x00000228283226c0, 0x0000022828323528]
Event: 3397.340 Thread 0x000002283c7f5120 9795       3       ch.qos.logback.classic.Level::fromLocationAwareLoggerInteger (116 bytes)
Event: 3397.343 Thread 0x000002283c7f5120 nmethod 9795 0x0000022828323b10 code [0x0000022828323d60, 0x0000022828324578]
Event: 3397.343 Thread 0x000002283c7f5120 9796       3       ch.qos.logback.classic.Logger::filterAndLog_0_Or3Plus (61 bytes)
Event: 3397.346 Thread 0x000002283c7f5120 nmethod 9796 0x0000022828324810 code [0x00000228283249e0, 0x0000022828324d18]
Event: 3397.346 Thread 0x000002283c7f5120 9794       3       org.springframework.web.context.request.ServletRequestAttributes::<init> (28 bytes)
Event: 3397.348 Thread 0x000002283c7f5120 nmethod 9794 0x0000022828324e90 code [0x00000228283250c0, 0x00000228283257e8]

GC Heap History (20 events):
Event: 3.412 GC heap before
{Heap before GC invocations=8 (full 0):
 garbage-first heap   total 55296K, used 38960K [0x00000000a2400000, 0x0000000100000000)
  region size 1024K, 23 young (23552K), 3 survivors (3072K)
 Metaspace       used 32254K, committed 32576K, reserved 1081344K
  class space    used 4215K, committed 4416K, reserved 1048576K
}
Event: 3.421 GC heap after
{Heap after GC invocations=9 (full 0):
 garbage-first heap   total 98304K, used 20245K [0x00000000a2400000, 0x0000000100000000)
  region size 1024K, 2 young (2048K), 2 survivors (2048K)
 Metaspace       used 32254K, committed 32576K, reserved 1081344K
  class space    used 4215K, committed 4416K, reserved 1048576K
}
Event: 3.802 GC heap before
{Heap before GC invocations=9 (full 0):
 garbage-first heap   total 98304K, used 40725K [0x00000000a2400000, 0x0000000100000000)
  region size 1024K, 23 young (23552K), 2 survivors (2048K)
 Metaspace       used 35598K, committed 35968K, reserved 1081344K
  class space    used 4694K, committed 4864K, reserved 1048576K
}
Event: 3.809 GC heap after
{Heap after GC invocations=10 (full 0):
 garbage-first heap   total 98304K, used 21596K [0x00000000a2400000, 0x0000000100000000)
  region size 1024K, 4 young (4096K), 4 survivors (4096K)
 Metaspace       used 35598K, committed 35968K, reserved 1081344K
  class space    used 4694K, committed 4864K, reserved 1048576K
}
Event: 4.797 GC heap before
{Heap before GC invocations=11 (full 0):
 garbage-first heap   total 78848K, used 64604K [0x00000000a2400000, 0x0000000100000000)
  region size 1024K, 46 young (47104K), 4 survivors (4096K)
 Metaspace       used 49350K, committed 49792K, reserved 1097728K
  class space    used 6625K, committed 6848K, reserved 1048576K
}
Event: 4.810 GC heap after
{Heap after GC invocations=12 (full 0):
 garbage-first heap   total 78848K, used 25569K [0x00000000a2400000, 0x0000000100000000)
  region size 1024K, 6 young (6144K), 6 survivors (6144K)
 Metaspace       used 49350K, committed 49792K, reserved 1097728K
  class space    used 6625K, committed 6848K, reserved 1048576K
}
Event: 5.321 GC heap before
{Heap before GC invocations=12 (full 0):
 garbage-first heap   total 78848K, used 59361K [0x00000000a2400000, 0x0000000100000000)
  region size 1024K, 39 young (39936K), 6 survivors (6144K)
 Metaspace       used 54734K, committed 55104K, reserved 1097728K
  class space    used 7440K, committed 7616K, reserved 1048576K
}
Event: 5.332 GC heap after
{Heap after GC invocations=13 (full 0):
 garbage-first heap   total 78848K, used 27564K [0x00000000a2400000, 0x0000000100000000)
  region size 1024K, 2 young (2048K), 2 survivors (2048K)
 Metaspace       used 54734K, committed 55104K, reserved 1097728K
  class space    used 7440K, committed 7616K, reserved 1048576K
}
Event: 5.881 GC heap before
{Heap before GC invocations=13 (full 0):
 garbage-first heap   total 78848K, used 61356K [0x00000000a2400000, 0x0000000100000000)
  region size 1024K, 35 young (35840K), 2 survivors (2048K)
 Metaspace       used 59290K, committed 59712K, reserved 1105920K
  class space    used 8053K, committed 8256K, reserved 1048576K
}
Event: 5.886 GC heap after
{Heap after GC invocations=14 (full 0):
 garbage-first heap   total 78848K, used 29034K [0x00000000a2400000, 0x0000000100000000)
  region size 1024K, 4 young (4096K), 4 survivors (4096K)
 Metaspace       used 59290K, committed 59712K, reserved 1105920K
  class space    used 8053K, committed 8256K, reserved 1048576K
}
Event: 5.913 GC heap before
{Heap before GC invocations=14 (full 0):
 garbage-first heap   total 78848K, used 31082K [0x00000000a2400000, 0x0000000100000000)
  region size 1024K, 7 young (7168K), 4 survivors (4096K)
 Metaspace       used 59814K, committed 60160K, reserved 1105920K
  class space    used 8116K, committed 8320K, reserved 1048576K
}
Event: 5.919 GC heap after
{Heap after GC invocations=15 (full 0):
 garbage-first heap   total 95232K, used 29236K [0x00000000a2400000, 0x0000000100000000)
  region size 1024K, 3 young (3072K), 3 survivors (3072K)
 Metaspace       used 59814K, committed 60160K, reserved 1105920K
  class space    used 8116K, committed 8320K, reserved 1048576K
}
Event: 6.235 GC heap before
{Heap before GC invocations=16 (full 0):
 garbage-first heap   total 95232K, used 74292K [0x00000000a2400000, 0x0000000100000000)
  region size 1024K, 47 young (48128K), 3 survivors (3072K)
 Metaspace       used 61413K, committed 61760K, reserved 1105920K
  class space    used 8351K, committed 8512K, reserved 1048576K
}
Event: 6.238 GC heap after
{Heap after GC invocations=17 (full 0):
 garbage-first heap   total 95232K, used 30823K [0x00000000a2400000, 0x0000000100000000)
  region size 1024K, 4 young (4096K), 4 survivors (4096K)
 Metaspace       used 61413K, committed 61760K, reserved 1105920K
  class space    used 8351K, committed 8512K, reserved 1048576K
}
Event: 6.761 GC heap before
{Heap before GC invocations=17 (full 0):
 garbage-first heap   total 95232K, used 75879K [0x00000000a2400000, 0x0000000100000000)
  region size 1024K, 48 young (49152K), 4 survivors (4096K)
 Metaspace       used 64500K, committed 64896K, reserved 1105920K
  class space    used 8764K, committed 8960K, reserved 1048576K
}
Event: 6.767 GC heap after
{Heap after GC invocations=18 (full 0):
 garbage-first heap   total 95232K, used 33711K [0x00000000a2400000, 0x0000000100000000)
  region size 1024K, 5 young (5120K), 5 survivors (5120K)
 Metaspace       used 64500K, committed 64896K, reserved 1105920K
  class space    used 8764K, committed 8960K, reserved 1048576K
}
Event: 7.242 GC heap before
{Heap before GC invocations=18 (full 0):
 garbage-first heap   total 95232K, used 74671K [0x00000000a2400000, 0x0000000100000000)
  region size 1024K, 46 young (47104K), 5 survivors (5120K)
 Metaspace       used 68174K, committed 68608K, reserved 1114112K
  class space    used 9239K, committed 9472K, reserved 1048576K
}
Event: 7.249 GC heap after
{Heap after GC invocations=19 (full 0):
 garbage-first heap   total 95232K, used 36736K [0x00000000a2400000, 0x0000000100000000)
  region size 1024K, 6 young (6144K), 6 survivors (6144K)
 Metaspace       used 68174K, committed 68608K, reserved 1114112K
  class space    used 9239K, committed 9472K, reserved 1048576K
}
Event: 2653.190 GC heap before
{Heap before GC invocations=19 (full 0):
 garbage-first heap   total 95232K, used 75648K [0x00000000a2400000, 0x0000000100000000)
  region size 1024K, 45 young (46080K), 6 survivors (6144K)
 Metaspace       used 74863K, committed 75456K, reserved 1122304K
  class space    used 9963K, committed 10240K, reserved 1048576K
}
Event: 2653.245 GC heap after
{Heap after GC invocations=20 (full 0):
 garbage-first heap   total 95232K, used 39688K [0x00000000a2400000, 0x0000000100000000)
  region size 1024K, 4 young (4096K), 4 survivors (4096K)
 Metaspace       used 74863K, committed 75456K, reserved 1122304K
  class space    used 9963K, committed 10240K, reserved 1048576K
}

Deoptimization events (20 events):
Event: 2593.697 Thread 0x00000228418c5d40 DEOPT PACKING pc=0x00000228279fdb71 sp=0x0000005c4c3fb270
Event: 2593.697 Thread 0x00000228418c5d40 DEOPT UNPACKING pc=0x0000022826f02b43 sp=0x0000005c4c3fa750 mode 0
Event: 2593.697 Thread 0x00000228418c5d40 DEOPT PACKING pc=0x00000228279fdb71 sp=0x0000005c4c3fb270
Event: 2593.697 Thread 0x00000228418c5d40 DEOPT UNPACKING pc=0x0000022826f02b43 sp=0x0000005c4c3fa750 mode 0
Event: 2593.697 Thread 0x00000228418c5d40 DEOPT PACKING pc=0x00000228279fdb71 sp=0x0000005c4c3fb270
Event: 2593.697 Thread 0x00000228418c5d40 DEOPT UNPACKING pc=0x0000022826f02b43 sp=0x0000005c4c3fa750 mode 0
Event: 2593.698 Thread 0x00000228418c5d40 DEOPT PACKING pc=0x00000228279fdb71 sp=0x0000005c4c3fb270
Event: 2593.698 Thread 0x00000228418c5d40 DEOPT UNPACKING pc=0x0000022826f02b43 sp=0x0000005c4c3fa750 mode 0
Event: 2593.828 Thread 0x00000228418c5d40 Uncommon trap: trap_request=0xffffff45 fr.pc=0x000002282eacf5b0 relative=0x0000000000000190
Event: 2593.828 Thread 0x00000228418c5d40 Uncommon trap: reason=unstable_if action=reinterpret pc=0x000002282eacf5b0 method=java.util.IdentityHashMap.maskNull(Ljava/lang/Object;)Ljava/lang/Object; @ 1 c2
Event: 2593.828 Thread 0x00000228418c5d40 DEOPT PACKING pc=0x000002282eacf5b0 sp=0x0000005c4c3fad40
Event: 2593.828 Thread 0x00000228418c5d40 DEOPT UNPACKING pc=0x0000022826f023a3 sp=0x0000005c4c3fac68 mode 2
Event: 2593.895 Thread 0x00000228418c4060 DEOPT PACKING pc=0x000002282765db23 sp=0x0000005c4c6fbee0
Event: 2593.895 Thread 0x00000228418c4060 DEOPT UNPACKING pc=0x0000022826f02b43 sp=0x0000005c4c6fb350 mode 0
Event: 2594.140 Thread 0x00000228418c4530 Uncommon trap: trap_request=0xffffff5c fr.pc=0x000002282ebf452c relative=0x0000000000000a6c
Event: 2594.140 Thread 0x00000228418c4530 Uncommon trap: reason=speculate_null_check action=make_not_entrant pc=0x000002282ebf452c method=java.util.concurrent.locks.AbstractQueuedSynchronizer.acquire(Ljava/util/concurrent/locks/AbstractQueuedSynchronizer$Node;IZZZJ)I @ 254 c2
Event: 2594.140 Thread 0x00000228418c4530 DEOPT PACKING pc=0x000002282ebf452c sp=0x0000005c4cbfdec0
Event: 2594.140 Thread 0x00000228418c4530 DEOPT UNPACKING pc=0x0000022826f023a3 sp=0x0000005c4cbfde90 mode 2
Event: 2647.814 Thread 0x00000228418c7550 DEOPT PACKING pc=0x0000022827b44d69 sp=0x0000005c4c7fa0d0
Event: 2647.815 Thread 0x00000228418c7550 DEOPT UNPACKING pc=0x0000022826f02b43 sp=0x0000005c4c7f9540 mode 0

Classes unloaded (0 events):
No events

Classes redefined (0 events):
No events

Internal exceptions (20 events):
Event: 7.191 Thread 0x000002281f648c70 Implicit null exception at 0x000002282eaed169 to 0x000002282eaed32c
Event: 7.218 Thread 0x00000228418c9bd0 Exception <a 'java/lang/NoSuchMethodError'{0x00000000a5aab798}: 'java.lang.Object java.lang.invoke.DirectMethodHandle$Holder.invokeStatic(java.lang.Object, int, java.lang.Object)'> (0x00000000a5aab798) 
thrown [s\open\src\hotspot\share\interpreter\linkResolver.cpp, line 759]
Event: 7.249 Thread 0x00000228418c6210 Implicit null exception at 0x000002282ec4bd70 to 0x000002282ec52094
Event: 7.255 Thread 0x00000228418c6210 Exception <a 'java/net/ConnectException'{0x00000000a832f250}: Connection refused: no further information> (0x00000000a832f250) 
thrown [s\open\src\hotspot\share\prims\jni.cpp, line 535]
Event: 7.255 Thread 0x00000228418c6210 Exception <a 'java/net/SocketException'{0x00000000a832f690}: Socket is not connected: shutdown> (0x00000000a832f690) 
thrown [s\open\src\hotspot\share\prims\jni.cpp, line 535]
Event: 7.256 Thread 0x00000228418c6210 Exception <a 'java/net/ConnectException'{0x00000000a832ffa0}: Connection refused: no further information> (0x00000000a832ffa0) 
thrown [s\open\src\hotspot\share\prims\jni.cpp, line 535]
Event: 7.256 Thread 0x00000228418c6210 Exception <a 'java/net/SocketException'{0x00000000a83302d8}: Socket is not connected: shutdown> (0x00000000a83302d8) 
thrown [s\open\src\hotspot\share\prims\jni.cpp, line 535]
Event: 7.348 Thread 0x00000228418c9bd0 Implicit null exception at 0x000002282ed4739e to 0x000002282ed48774
Event: 7.356 Thread 0x00000228418c9bd0 Exception <a 'java/lang/NoSuchMethodError'{0x00000000a7aa5628}: 'java.lang.Object java.lang.invoke.DirectMethodHandle$Holder.newInvokeSpecial(java.lang.Object, java.lang.Object, java.lang.Object, long)'> (0x00000000a7aa5628) 
thrown [s\open\src\hotspot\share\interpreter\linkResolver.cpp, line 759]
Event: 7.357 Thread 0x00000228418c9bd0 Exception <a 'java/lang/NoSuchMethodError'{0x00000000a7aa9920}: 'java.lang.Object java.lang.invoke.DirectMethodHandle$Holder.invokeSpecial(java.lang.Object, java.lang.Object, java.lang.Object, java.lang.Object, long)'> (0x00000000a7aa9920) 
thrown [s\open\src\hotspot\share\interpreter\linkResolver.cpp, line 759]
Event: 7.357 Thread 0x00000228418c9bd0 Exception <a 'java/lang/NoSuchMethodError'{0x00000000a7aad730}: 'java.lang.Object java.lang.invoke.Invokers$Holder.linkToTargetMethod(java.lang.Object, java.lang.Object, long, java.lang.Object)'> (0x00000000a7aad730) 
thrown [s\open\src\hotspot\share\interpreter\linkResolver.cpp, line 759]
Event: 28.613 Thread 0x00000228418c5d40 Exception <a 'java/lang/NoSuchMethodError'{0x00000000a75e9e88}: 'java.lang.Object java.lang.invoke.DirectMethodHandle$Holder.newInvokeSpecial(java.lang.Object, java.lang.Object, java.lang.Object, java.lang.Object, java.lang.Object, java.lang.Object, java.lang.Object)'> (0x00000000a75e9e88) 
thrown [s\open\src\hotspot\share\interpreter\linkResolver.cpp, line 759]
Event: 28.613 Thread 0x00000228418c7a20 Exception <a 'java/lang/NoSuchMethodError'{0x00000000a75dfd58}: 'java.lang.Object java.lang.invoke.DirectMethodHandle$Holder.newInvokeSpecial(java.lang.Object, java.lang.Object, java.lang.Object, java.lang.Object, java.lang.Object, java.lang.Object, java.lang.Object)'> (0x00000000a75dfd58) 
thrown [s\open\src\hotspot\share\interpreter\linkResolver.cpp, line 759]
Event: 28.613 Thread 0x00000228418c7a20 Exception <a 'java/lang/NoSuchMethodError'{0x00000000a75e4230}: 'java.lang.Object java.lang.invoke.Invokers$Holder.linkToTargetMethod(java.lang.Object, java.lang.Object, java.lang.Object, java.lang.Object, java.lang.Object, java.lang.Object, java.lang.Object)'> (0x00000000a75e4230) 
thrown [s\open\src\hotspot\share\interpreter\linkResolver.cpp, line 759]
Event: 28.613 Thread 0x00000228418c5d40 Exception <a 'java/lang/NoSuchMethodError'{0x00000000a75ee318}: 'java.lang.Object java.lang.invoke.Invokers$Holder.linkToTargetMethod(java.lang.Object, java.lang.Object, java.lang.Object, java.lang.Object, java.lang.Object, java.lang.Object, java.lang.Object)'> (0x00000000a75ee318) 
thrown [s\open\src\hotspot\share\interpreter\linkResolver.cpp, line 759]
Event: 28.707 Thread 0x00000228418c7080 Exception <a 'java/lang/NoSuchMethodError'{0x00000000a6e248c0}: 'java.lang.Object java.lang.invoke.DirectMethodHandle$Holder.invokeStaticInit(java.lang.Object, java.lang.Object, java.lang.Object, java.lang.Object, java.lang.Object, java.lang.Object)'> (0x00000000a6e248c0) 
thrown [s\open\src\hotspot\share\interpreter\linkResolver.cpp, line 759]
Event: 1765.003 Thread 0x000002284183a3b0 Exception <a 'java/io/IOException'{0x00000000a6bae260}> (0x00000000a6bae260) 
thrown [s\open\src\hotspot\share\prims\jni.cpp, line 516]
Event: 1765.003 Thread 0x000002284183a3b0 Exception <a 'java/io/IOException'{0x00000000a6baeda0}> (0x00000000a6baeda0) 
thrown [s\open\src\hotspot\share\prims\jni.cpp, line 516]
Event: 1779.872 Thread 0x0000022841839ee0 Implicit null exception at 0x000002282ebf7c1b to 0x000002282ebf8720
Event: 2593.828 Thread 0x00000228418c5d40 Implicit null exception at 0x000002282eacf452 to 0x000002282eacf59c

VM Operations (20 events):
Event: 2653.189 Executing VM operation: G1CollectForAllocation
Event: 2653.245 Executing VM operation: G1CollectForAllocation done
Event: 2654.251 Executing VM operation: Cleanup
Event: 2654.251 Executing VM operation: Cleanup done
Event: 2678.486 Executing VM operation: Cleanup
Event: 2678.486 Executing VM operation: Cleanup done
Event: 2679.500 Executing VM operation: Cleanup
Event: 2679.500 Executing VM operation: Cleanup done
Event: 2682.539 Executing VM operation: Cleanup
Event: 2682.539 Executing VM operation: Cleanup done
Event: 2865.137 Executing VM operation: Cleanup
Event: 2865.138 Executing VM operation: Cleanup done
Event: 2866.150 Executing VM operation: Cleanup
Event: 2866.150 Executing VM operation: Cleanup done
Event: 2871.187 Executing VM operation: Cleanup
Event: 2871.188 Executing VM operation: Cleanup done
Event: 2876.248 Executing VM operation: Cleanup
Event: 2876.249 Executing VM operation: Cleanup done
Event: 3379.681 Executing VM operation: Cleanup
Event: 3379.685 Executing VM operation: Cleanup done

Events (20 events):
Event: 1801.131 Thread 0x0000022841839ee0 Thread exited: 0x0000022841839ee0
Event: 1801.132 Thread 0x000002284183a3b0 Thread exited: 0x000002284183a3b0
Event: 2593.401 Thread 0x00000228437a4ab0 Thread added: 0x00000228437a4ab0
Event: 2593.581 loading class jdk/internal/reflect/UnsafeBooleanFieldAccessorImpl
Event: 2593.583 loading class jdk/internal/reflect/UnsafeBooleanFieldAccessorImpl done
Event: 2593.630 Thread 0x00000228437a4ab0 Thread exited: 0x00000228437a4ab0
Event: 2593.661 Thread 0x00000228437a4ab0 Thread added: 0x00000228437a4ab0
Event: 2593.781 loading class javax/xml/datatype/DatatypeConfigurationException
Event: 2593.782 loading class javax/xml/datatype/DatatypeConfigurationException done
Event: 2593.782 loading class javax/xml/datatype/DatatypeFactory
Event: 2593.783 loading class javax/xml/datatype/DatatypeFactory done
Event: 2593.784 loading class javax/xml/datatype/FactoryFinder
Event: 2593.785 loading class javax/xml/datatype/FactoryFinder done
Event: 2593.794 loading class javax/xml/datatype/FactoryFinder$1
Event: 2593.794 loading class javax/xml/datatype/FactoryFinder$1 done
Event: 2593.801 loading class com/sun/org/apache/xerces/internal/jaxp/datatype/DatatypeFactoryImpl
Event: 2593.801 loading class com/sun/org/apache/xerces/internal/jaxp/datatype/DatatypeFactoryImpl done
Event: 2593.834 loading class com/sun/crypto/provider/HmacCore$HmacSHA256
Event: 2593.835 loading class com/sun/crypto/provider/HmacCore$HmacSHA256 done
Event: 2597.343 Thread 0x00000228437a4ab0 Thread exited: 0x00000228437a4ab0


Dynamic libraries:
0x00007ff74f7f0000 - 0x00007ff74f800000 	C:\Program Files\Java\jdk-17.0.5\bin\java.exe
0x00007ff8df110000 - 0x00007ff8df308000 	C:\Windows\SYSTEM32\ntdll.dll
0x00007ff8b44b0000 - 0x00007ff8b44c7000 	C:\Program Files\Avast Software\Avast\aswhook.dll
0x00007ff8dde80000 - 0x00007ff8ddf3f000 	C:\Windows\System32\KERNEL32.DLL
0x00007ff8dcd80000 - 0x00007ff8dd052000 	C:\Windows\System32\KERNELBASE.dll
0x00007ff8dcc80000 - 0x00007ff8dcd80000 	C:\Windows\System32\ucrtbase.dll
0x00007ff8c9420000 - 0x00007ff8c9438000 	C:\Program Files\Java\jdk-17.0.5\bin\jli.dll
0x00007ff8cbd90000 - 0x00007ff8cbdaa000 	C:\Program Files\Java\jdk-17.0.5\bin\VCRUNTIME140.dll
0x00007ff8dd150000 - 0x00007ff8dd1fe000 	C:\Windows\System32\ADVAPI32.dll
0x00007ff8ded40000 - 0x00007ff8dedde000 	C:\Windows\System32\msvcrt.dll
0x00007ff8dd410000 - 0x00007ff8dd4ac000 	C:\Windows\System32\sechost.dll
0x00007ff8dec10000 - 0x00007ff8ded35000 	C:\Windows\System32\RPCRT4.dll
0x00007ff8de460000 - 0x00007ff8de601000 	C:\Windows\System32\USER32.dll
0x00007ff8dc940000 - 0x00007ff8dc962000 	C:\Windows\System32\win32u.dll
0x00007ff8ca0e0000 - 0x00007ff8ca37a000 	C:\Windows\WinSxS\amd64_microsoft.windows.common-controls_6595b64144ccf1df_6.0.19041.1110_none_60b5254171f9507e\COMCTL32.dll
0x00007ff8dd3e0000 - 0x00007ff8dd40b000 	C:\Windows\System32\GDI32.dll
0x00007ff8dcad0000 - 0x00007ff8dcbdf000 	C:\Windows\System32\gdi32full.dll
0x00007ff8dcbe0000 - 0x00007ff8dcc7d000 	C:\Windows\System32\msvcp_win.dll
0x00007ff8d2f40000 - 0x00007ff8d2f4a000 	C:\Windows\SYSTEM32\VERSION.dll
0x00007ff8de420000 - 0x00007ff8de452000 	C:\Windows\System32\IMM32.DLL
0x00007ff8d4170000 - 0x00007ff8d417c000 	C:\Program Files\Java\jdk-17.0.5\bin\vcruntime140_1.dll
0x00007ff8b4a50000 - 0x00007ff8b4add000 	C:\Program Files\Java\jdk-17.0.5\bin\msvcp140.dll
0x00007ff8543f0000 - 0x00007ff854fb2000 	C:\Program Files\Java\jdk-17.0.5\bin\server\jvm.dll
0x00007ff8dee00000 - 0x00007ff8dee08000 	C:\Windows\System32\PSAPI.DLL
0x00007ff8c9280000 - 0x00007ff8c9289000 	C:\Windows\SYSTEM32\WSOCK32.dll
0x00007ff8d2470000 - 0x00007ff8d2497000 	C:\Windows\SYSTEM32\WINMM.dll
0x00007ff8ddf40000 - 0x00007ff8ddfab000 	C:\Windows\System32\WS2_32.dll
0x00007ff8db050000 - 0x00007ff8db062000 	C:\Windows\SYSTEM32\kernel.appcore.dll
0x00007ff8ccec0000 - 0x00007ff8cceca000 	C:\Program Files\Java\jdk-17.0.5\bin\jimage.dll
0x00007ff8dae40000 - 0x00007ff8db024000 	C:\Windows\SYSTEM32\DBGHELP.DLL
0x00007ff8d01c0000 - 0x00007ff8d01f5000 	C:\Windows\SYSTEM32\dbgcore.DLL
0x00007ff8dc800000 - 0x00007ff8dc882000 	C:\Windows\System32\bcryptPrimitives.dll
0x00007ff8c9410000 - 0x00007ff8c941e000 	C:\Program Files\Java\jdk-17.0.5\bin\instrument.dll
0x00007ff8c3e40000 - 0x00007ff8c3e65000 	C:\Program Files\Java\jdk-17.0.5\bin\java.dll
0x00007ff897f10000 - 0x00007ff897fe6000 	C:\Program Files\Java\jdk-17.0.5\bin\jsvml.dll
0x00007ff8dd580000 - 0x00007ff8ddcc4000 	C:\Windows\System32\SHELL32.dll
0x00007ff8da5d0000 - 0x00007ff8dad62000 	C:\Windows\SYSTEM32\windows.storage.dll
0x00007ff8de780000 - 0x00007ff8dead5000 	C:\Windows\System32\combase.dll
0x00007ff8dc180000 - 0x00007ff8dc1b0000 	C:\Windows\SYSTEM32\Wldp.dll
0x00007ff8de670000 - 0x00007ff8de71d000 	C:\Windows\System32\SHCORE.dll
0x00007ff8de720000 - 0x00007ff8de775000 	C:\Windows\System32\shlwapi.dll
0x00007ff8dc740000 - 0x00007ff8dc75f000 	C:\Windows\SYSTEM32\profapi.dll
0x00007ff8c3680000 - 0x00007ff8c3698000 	C:\Program Files\Java\jdk-17.0.5\bin\zip.dll
0x00007ff8c3e20000 - 0x00007ff8c3e39000 	C:\Program Files\Java\jdk-17.0.5\bin\net.dll
0x00007ff8d2000000 - 0x00007ff8d210c000 	C:\Windows\SYSTEM32\WINHTTP.dll
0x00007ff8dbee0000 - 0x00007ff8dbf4a000 	C:\Windows\system32\mswsock.dll
0x00007ff8c3e00000 - 0x00007ff8c3e16000 	C:\Program Files\Java\jdk-17.0.5\bin\nio.dll
0x00007ff8c21c0000 - 0x00007ff8c21da000 	C:\Program Files\JetBrains\IntelliJ IDEA Community Edition 2022.2.3\bin\breakgen64.dll
0x00007ff8cbf10000 - 0x00007ff8cbf20000 	C:\Program Files\Java\jdk-17.0.5\bin\verify.dll
0x00007ff8cbe90000 - 0x00007ff8cbe99000 	C:\Program Files\Java\jdk-17.0.5\bin\management.dll
0x00007ff8cbd80000 - 0x00007ff8cbd8b000 	C:\Program Files\Java\jdk-17.0.5\bin\management_ext.dll
0x00007ff8ba010000 - 0x00007ff8ba027000 	C:\Windows\system32\napinsp.dll
0x00007ff8b9ff0000 - 0x00007ff8ba00b000 	C:\Windows\system32\pnrpnsp.dll
0x00007ff8d7890000 - 0x00007ff8d78a5000 	C:\Windows\system32\wshbth.dll
0x00007ff8d7ca0000 - 0x00007ff8d7cbd000 	C:\Windows\system32\NLAapi.dll
0x00007ff8dbbd0000 - 0x00007ff8dbc0b000 	C:\Windows\SYSTEM32\IPHLPAPI.DLL
0x00007ff8dbc10000 - 0x00007ff8dbcda000 	C:\Windows\SYSTEM32\DNSAPI.dll
0x00007ff8dd340000 - 0x00007ff8dd348000 	C:\Windows\System32\NSI.dll
0x00007ff8b9fd0000 - 0x00007ff8b9fe2000 	C:\Windows\System32\winrnr.dll
0x00007ff8d3830000 - 0x00007ff8d383a000 	C:\Windows\System32\rasadhlp.dll
0x00007ff8ca850000 - 0x00007ff8ca8d0000 	C:\Windows\System32\fwpuclnt.dll
0x00007ff8dd120000 - 0x00007ff8dd147000 	C:\Windows\System32\bcrypt.dll
0x00007ff8dc0d0000 - 0x00007ff8dc0e8000 	C:\Windows\SYSTEM32\CRYPTSP.dll
0x00007ff8db800000 - 0x00007ff8db834000 	C:\Windows\system32\rsaenh.dll
0x00007ff8dc700000 - 0x00007ff8dc72e000 	C:\Windows\SYSTEM32\USERENV.dll
0x00007ff8dc0f0000 - 0x00007ff8dc0fc000 	C:\Windows\SYSTEM32\CRYPTBASE.dll
0x00007ff8d25b0000 - 0x00007ff8d25c7000 	C:\Windows\SYSTEM32\dhcpcsvc6.DLL
0x00007ff8d2ee0000 - 0x00007ff8d2efd000 	C:\Windows\SYSTEM32\dhcpcsvc.DLL
0x00007ff8caf20000 - 0x00007ff8caf2e000 	C:\Program Files\Java\jdk-17.0.5\bin\sunmscapi.dll
0x00007ff8dc970000 - 0x00007ff8dcac6000 	C:\Windows\System32\CRYPT32.dll
0x00007ff8dc1f0000 - 0x00007ff8dc217000 	C:\Windows\SYSTEM32\ncrypt.dll
0x00007ff8dc1b0000 - 0x00007ff8dc1eb000 	C:\Windows\SYSTEM32\NTASN1.dll
0x00007ff8d42d0000 - 0x00007ff8d42d7000 	C:\Windows\system32\wshunix.dll

dbghelp: loaded successfully - version: 4.0.5 - missing functions: none
symbol engine: initialized successfully - sym options: 0x614 - pdb path: .;C:\Program Files\Java\jdk-17.0.5\bin;C:\Windows\SYSTEM32;C:\Program Files\Avast Software\Avast;C:\Windows\WinSxS\amd64_microsoft.windows.common-controls_6595b64144ccf1df_6.0.19041.1110_none_60b5254171f9507e;C:\Program Files\Java\jdk-17.0.5\bin\server;C:\Program Files\JetBrains\IntelliJ IDEA Community Edition 2022.2.3\bin

VM Arguments:
jvm_args: -javaagent:C:\Program Files\JetBrains\IntelliJ IDEA Community Edition 2022.2.3\lib\idea_rt.jar=58088:C:\Program Files\JetBrains\IntelliJ IDEA Community Edition 2022.2.3\bin -Dfile.encoding=UTF-8 
java_command: com.isa.BloodTransferInstitute.BtiApplication
java_class_path (initial): C:\Users\Grbson\Desktop\ISA project\backend\target\classes;C:\Users\Grbson\.m2\repository\org\springframework\boot\spring-boot-starter-data-jpa\2.7.5\spring-boot-starter-data-jpa-2.7.5.jar;C:\Users\Grbson\.m2\repository\org\springframework\boot\spring-boot-starter-aop\2.7.5\spring-boot-starter-aop-2.7.5.jar;C:\Users\Grbson\.m2\repository\org\aspectj\aspectjweaver\1.9.7\aspectjweaver-1.9.7.jar;C:\Users\Grbson\.m2\repository\org\springframework\boot\spring-boot-starter-jdbc\2.7.5\spring-boot-starter-jdbc-2.7.5.jar;C:\Users\Grbson\.m2\repository\com\zaxxer\HikariCP\4.0.3\HikariCP-4.0.3.jar;C:\Users\Grbson\.m2\repository\org\springframework\spring-jdbc\5.3.23\spring-jdbc-5.3.23.jar;C:\Users\Grbson\.m2\repository\jakarta\transaction\jakarta.transaction-api\1.3.3\jakarta.transaction-api-1.3.3.jar;C:\Users\Grbson\.m2\repository\jakarta\persistence\jakarta.persistence-api\2.2.3\jakarta.persistence-api-2.2.3.jar;C:\Users\Grbson\.m2\repository\org\hibernate\hibernate-core\5.6.12.Final\hibernate-core-5.6.12.Final.jar;C:\Users\Grbson\.m2\repository\org\jboss\logging\jboss-logging\3.4.3.Final\jboss-logging-3.4.3.Final.jar;C:\Users\Grbson\.m2\repository\net\bytebuddy\byte-buddy\1.12.18\byte-buddy-1.12.18.jar;C:\Users\Grbson\.m2\repository\antlr\antlr\2.7.7\antlr-2.7.7.jar;C:\Users\Grbson\.m2\repository\org\jboss\jandex\2.4.2.Final\jandex-2.4.2.Final.jar;C:\Users\Grbson\.m2\repository\com\fasterxml\classmate\1.5.1\classmate-1.5.1.jar;C:\Users\Grbson\.m2\repository\org\hibernate\common\hibernate-commons-annotations\5.1.2.Final\hibernate-commons-annotations-5.1.2.Final.jar;C:\Users\Grbson\.m2\repository\org\glassfish\jaxb\jaxb-runtime\2.3.7\jaxb-runtime-2.3.7.jar;C:\Users\Grbson\.m2\repository\org\glassfish\jaxb\txw2\2.3.7\txw2-2.3.7.jar;C:\Users\Grbson\.m2\repository\com\sun\istack\istack-commons-runtime\3.0.12\istack-commons-runtime-3.0.12.jar;C:\Users\Grbson\.m2\repository\org\springframework\data\spring-data-jpa\2.7.5\spring-data-jpa-2.7.5.jar;C:\Use
Launcher Type: SUN_STANDARD

[Global flags]
     intx CICompilerCount                          = 4                                         {product} {ergonomic}
     uint ConcGCThreads                            = 3                                         {product} {ergonomic}
     uint G1ConcRefinementThreads                  = 10                                        {product} {ergonomic}
   size_t G1HeapRegionSize                         = 1048576                                   {product} {ergonomic}
    uintx GCDrainStackTargetSize                   = 64                                        {product} {ergonomic}
   size_t InitialHeapSize                          = 98566144                                  {product} {ergonomic}
   size_t MarkStackSize                            = 4194304                                   {product} {ergonomic}
   size_t MaxHeapSize                              = 1572864000                                {product} {ergonomic}
   size_t MaxNewSize                               = 943718400                                 {product} {ergonomic}
   size_t MinHeapDeltaBytes                        = 1048576                                   {product} {ergonomic}
   size_t MinHeapSize                              = 8388608                                   {product} {ergonomic}
    uintx NonNMethodCodeHeapSize                   = 5839372                                {pd product} {ergonomic}
    uintx NonProfiledCodeHeapSize                  = 122909434                              {pd product} {ergonomic}
    uintx ProfiledCodeHeapSize                     = 122909434                              {pd product} {ergonomic}
    uintx ReservedCodeCacheSize                    = 251658240                              {pd product} {ergonomic}
     bool SegmentedCodeCache                       = true                                      {product} {ergonomic}
   size_t SoftMaxHeapSize                          = 1572864000                             {manageable} {ergonomic}
     bool UseCompressedClassPointers               = true                           {product lp64_product} {ergonomic}
     bool UseCompressedOops                        = true                           {product lp64_product} {ergonomic}
     bool UseG1GC                                  = true                                      {product} {ergonomic}
     bool UseLargePagesIndividualAllocation        = false                                  {pd product} {ergonomic}

Logging:
Log output configuration:
 #0: stdout all=warning uptime,level,tags
 #1: stderr all=off uptime,level,tags

Environment Variables:
PATH=C:\Program Files\Common Files\Oracle\Java\javapath;C:\Program Files (x86)\Common Files\Oracle\Java\javapath;C:\ProgramData\Oracle\Java\javapath;C:\Program Files\Microsoft\jdk-11.0.12.7-hotspot\bin;C:\Windows\system32;C:\Windows;C:\Windows\System32\Wbem;C:\Windows\System32\WindowsPowerShell\v1.0\;C:\Windows\System32\OpenSSH\;C:\Program Files (x86)\NVIDIA Corporation\PhysX\Common;C:\ProgramData\chocolatey\bin;C:\Program Files\NVIDIA Corporation\NVIDIA NvDLISR;C:\Users\Grbson\AppData\Roaming\nvm;C:\Program Files\nodejs;C:\Programs\Git\Git\cmd;C:\Program Files\Maven\apache-maven-3.8.6\bin;C:\Program Files\Microsoft SQL Server\150\Tools\Binn\;C:\Program Files\Microsoft SQL Server\Client SDK\ODBC\170\Tools\Binn\;C:\Program Files\dotnet\;C:\Users\Grbson\anaconda3;C:\Users\Grbson\AppData\Local\Programs\Python\Python36;C:\Program Files\MySQL\MySQL Shell 8.0\bin\;C:\Users\Grbson\AppData\Local\Microsoft\WindowsApps;C:\Programs\VSCode\Microsoft VS Code\bin;C:\Users\Grbson\AppData\Local\GitHubDesktop\bin;C:\Users\Grbson\AppData\Roaming\nvm;C:\Program Files\nodejs;C:\Users\Grbson\AppData\Roaming\npm;C:\Program Files\JetBrains\IntelliJ IDEA Community Edition 2022.2.3\bin;;C:\Users\Grbson\.dotnet\tools;C:\Program Files\JetBrains\PyCharm Community Edition 2022.2.3\bin;
USERNAME=Grbson
OS=Windows_NT
PROCESSOR_IDENTIFIER=AMD64 Family 25 Model 80 Stepping 0, AuthenticAMD



---------------  S Y S T E M  ---------------

OS:
 Windows 10 , 64 bit Build 19041 (10.0.19041.2364)
OS uptime: 3 days 6:14 hours

CPU: total 12 (initial active 12) (12 cores per cpu, 2 threads per core) family 25 model 80 stepping 0 microcode 0x0, cx8, cmov, fxsr, ht, mmx, 3dnowpref, sse, sse2, sse3, ssse3, sse4a, sse4.1, sse4.2, popcnt, lzcnt, tsc, tscinvbit, avx, avx2, aes, erms, clmul, bmi1, bmi2, adx, sha, fma, vzeroupper, clflush, clflushopt

Memory: 4k page, system-wide physical 5996M (202M free)
TotalPageFile size 24428M (AvailPageFile size 6M)
current process WorkingSet (physical memory assigned to process): 79M, peak: 298M
current process commit charge ("private bytes"): 333M, peak: 352M

vm_info: Java HotSpot(TM) 64-Bit Server VM (17.0.5+9-LTS-191) for windows-amd64 JRE (17.0.5+9-LTS-191), built on Sep 13 2022 17:31:43 by "mach5one" with MS VC++ 16.8 / 16.9 (VS2019)

END.
